00atf/bm_13934.ods.atf
00atf/bm_16391.ods.atf
00atf/bm_22738.ods.atf
00atf/bm_85205.ods.atf
00atf/bm_85211.ods.atf
00atf/bm_85232.ods.atf
00atf/bm_85238.ods.atf
00atf/bm_85260.ods.atf
00atf/bm_85269.ods.atf
00atf/cdlj_2007-1_43.ods.atf
00atf/gibson_2.ods.atf
00atf/km_89540.ods.atf
00atf/msr_021.ods.atf
00atf/oect_15_006.ods.atf
00atf/oect_15_012.ods.atf
00atf/oect_15_015.ods.atf
00atf/oect_15_016.ods.atf
00atf/oect_15_121.ods.atf
00atf/oect_15_122.ods.atf
00atf/oect_15_134.ods.atf
00atf/plimpton_286.ods.atf
00atf/plimpton_287.ods.atf
00atf/plimpton_288.ods.atf
00atf/plimpton_289.ods.atf
00atf/plimpton_290.ods.atf
00atf/plimpton_291.ods.atf
00atf/plimpton_292.ods.atf
00atf/plimpton_293.ods.atf
00atf/plimpton_294.ods.atf
00atf/plimpton_314.ods.atf
00atf/plimpton_323.ods.atf
00atf/plimpton_324.ods.atf
00atf/svjad_117.ods.atf
00atf/tcl_11_151.ods.atf
00atf/tcl_11_171.ods.atf
